<?xml version="1.0" encoding="UTF-8"?>
<!-- Generated by org.testng.reporters.JUnitReportReporter -->
<testsuite hostname="admin-PC" name="testcases.Testcases" tests="1" failures="0" timestamp="3 Jul 2018 09:30:01 GMT" time="31.553" errors="0">
  <testcase name="Launch" time="31.553" classname="testcases.Testcases"/>
</testsuite> <!-- testcases.Testcases -->
