<?xml version="1.0" encoding="UTF-8"?>
<!-- Generated by org.testng.reporters.JUnitReportReporter -->
<testsuite hostname="admin-PC" name="testcases.TestcasesTest" tests="1" failures="0" timestamp="3 Jul 2018 09:39:25 GMT" time="13.438" errors="0">
  <testcase name="Launch" time="13.438" classname="testcases.TestcasesTest"/>
</testsuite> <!-- testcases.TestcasesTest -->
